27-07-2019 19:06:13	Hola
27-07-2019 19:06:35	Hola
27-07-2019 19:06:44	Hola 2
27-07-2019 19:06:45	Hola 2
27-07-2019 19:07:38	Hola 3
27-07-2019 19:08:35	Hola 3
27-07-2019 19:09:12	Hola 3
27-07-2019 19:13:42	Hola 3
27-07-2019 19:13:42	Termino
27-07-2019 19:14:01	Hola 3
27-07-2019 19:14:01	Termino
27-07-2019 19:19:59	Hola 3
27-07-2019 19:19:59	Termino
27-07-2019 19:21:36	Hola 3
27-07-2019 19:21:36	Termino
27-07-2019 19:21:45	Hola 3
27-07-2019 19:21:45	Termino
27-07-2019 19:21:52	Hola 3
27-07-2019 19:21:52	Termino
27-07-2019 19:22:03	Hola 3
27-07-2019 19:22:03	Termino
27-07-2019 19:56:33	Hola 3
27-07-2019 19:56:33	Termino
27-07-2019 19:56:45	Hola 3
27-07-2019 19:56:45	Termino
27-07-2019 19:57:08	Hola 3
27-07-2019 19:57:08	Termino
27-07-2019 19:58:46	Hola 3
27-07-2019 19:58:46	Termino
27-07-2019 19:59:11	Hola 3
27-07-2019 19:59:11	Termino
27-07-2019 19:59:56	Hola 3
27-07-2019 19:59:56	Termino
27-07-2019 20:00:17	Hola 3
27-07-2019 20:00:17	Termino
27-07-2019 20:01:07	Hola 3
27-07-2019 20:01:07	Termino
27-07-2019 20:02:06	Hola 3
27-07-2019 20:02:06	Termino
27-07-2019 20:02:10	Hola 3
27-07-2019 20:02:10	Termino
27-07-2019 20:02:31	Hola 3
27-07-2019 20:02:31	Termino
27-07-2019 20:02:50	Hola 3
27-07-2019 20:02:50	Termino
27-07-2019 20:03:56	Hola 3
27-07-2019 20:03:56	Termino
27-07-2019 20:05:05	Hola 3
27-07-2019 20:05:05	Termino
27-07-2019 20:06:31	Hola 3
27-07-2019 20:06:31	Termino
27-07-2019 20:06:47	Hola 3
27-07-2019 20:06:47	Termino
27-07-2019 20:07:13	Hola 3
27-07-2019 20:07:13	Termino
27-07-2019 20:07:26	Hola 3
27-07-2019 20:07:26	Termino
27-07-2019 20:13:19	Hola 3
27-07-2019 20:13:19	Termino
27-07-2019 20:14:11	Hola 3
27-07-2019 20:14:11	Termino
27-07-2019 20:14:11	
27-07-2019 20:14:11	
27-07-2019 20:14:42	Hola 3
27-07-2019 20:14:42	Termino
27-07-2019 20:14:42	Array
(
    [a] => 1
    [b] => Array
        (
            [c] => 3
        )

)

27-07-2019 20:14:42	Array
(
    [c] => 3
)

27-07-2019 20:16:45	Hola 3
27-07-2019 20:16:45	Termino
27-07-2019 20:22:25	Hola 3
27-07-2019 20:22:25	Termino
27-07-2019 20:22:26	Hola 3
27-07-2019 20:22:26	Termino
27-07-2019 20:22:26	Hola 3
27-07-2019 20:22:26	Termino
27-07-2019 20:22:26	Hola 3
27-07-2019 20:22:26	Termino
27-07-2019 20:22:27	Hola 3
27-07-2019 20:22:27	Termino
27-07-2019 20:22:27	Hola 3
27-07-2019 20:22:27	Termino
27-07-2019 20:22:34	Hola 3
27-07-2019 20:22:34	Termino
27-07-2019 20:26:05	Hola 3
27-07-2019 20:26:05	Termino
27-07-2019 20:26:53	Hola 3
27-07-2019 20:26:53	Termino
27-07-2019 20:28:07	Hola 3
27-07-2019 20:28:07	Termino
27-07-2019 20:29:51	Hola 3
27-07-2019 20:29:51	Termino
27-07-2019 20:30:27	Hola 3
27-07-2019 20:30:27	Termino
27-07-2019 20:31:08	Hola 3
27-07-2019 20:31:08	Termino
27-07-2019 20:31:37	Hola 3
27-07-2019 20:31:37	Termino
27-07-2019 20:31:52	Hola 3
27-07-2019 20:31:52	Termino
27-07-2019 20:31:59	Hola 3
27-07-2019 20:31:59	Termino
03-08-2019 17:49:20	Hola 3
03-08-2019 17:49:20	Termino
03-08-2019 17:49:20	Hola 3
03-08-2019 17:49:20	Termino
03-08-2019 17:49:21	Hola 3
03-08-2019 17:49:21	Termino
03-08-2019 17:49:21	Hola 3
03-08-2019 17:49:21	Termino
03-08-2019 17:49:21	Hola 3
03-08-2019 17:49:21	Termino
03-08-2019 17:49:21	Hola 3
03-08-2019 17:49:21	Termino
03-08-2019 17:49:21	Hola 3
03-08-2019 17:49:21	Termino
03-08-2019 18:05:33	Hola 3
03-08-2019 18:05:33	Termino
03-08-2019 18:29:56	Esoty en BDMY
03-08-2019 18:30:02	Termino
03-08-2019 18:32:28	Esoty en BDMY
03-08-2019 18:32:28	Termino
03-08-2019 18:32:46	Esoty en BDMY
03-08-2019 18:32:48	Termino
03-08-2019 19:21:32	Termino
03-08-2019 19:21:56	ejecuto MYSQL
03-08-2019 19:21:56	Termino
03-08-2019 19:37:29	Termino
03-08-2019 19:43:33	Termino
03-08-2019 19:44:37	Termino
03-08-2019 19:45:07	Termino
03-08-2019 19:46:02	Termino
03-08-2019 19:46:10	Termino
03-08-2019 19:46:57	Termino
03-08-2019 19:47:07	Termino
03-08-2019 23:49:21	Termino
03-08-2019 23:49:21	Termino
03-08-2019 23:49:21	Termino
03-08-2019 23:49:21	Termino
03-08-2019 23:49:21	Termino
03-08-2019 23:49:21	Termino
03-08-2019 23:49:21	Termino
04-08-2019 15:29:46	Termino
04-08-2019 15:29:46	Termino
04-08-2019 15:29:46	Termino
04-08-2019 15:29:46	Termino
04-08-2019 15:29:46	Termino
04-08-2019 15:29:46	Termino
04-08-2019 15:29:46	Termino
04-08-2019 21:29:47	Termino
04-08-2019 21:29:47	Termino
04-08-2019 21:29:47	Termino
04-08-2019 21:29:47	Termino
04-08-2019 21:29:47	Termino
04-08-2019 21:29:47	Termino
04-08-2019 21:29:48	Termino
06-08-2019 16:48:40	Termino
06-08-2019 16:48:40	Termino
06-08-2019 16:48:40	Termino
06-08-2019 16:48:40	Termino
06-08-2019 16:48:40	Termino
06-08-2019 16:48:40	Termino
06-08-2019 16:48:40	Termino
07-08-2019 15:43:15	Termino
07-08-2019 15:43:15	Termino
07-08-2019 15:43:15	Termino
07-08-2019 15:43:15	Termino
07-08-2019 15:43:15	Termino
07-08-2019 15:43:15	Termino
07-08-2019 15:43:15	Termino
07-08-2019 21:43:16	Termino
07-08-2019 21:43:16	Termino
07-08-2019 21:43:16	Termino
07-08-2019 21:43:16	Termino
07-08-2019 21:43:16	Termino
07-08-2019 21:43:16	Termino
07-08-2019 21:43:16	Termino
08-08-2019 13:27:49	Termino
08-08-2019 13:27:49	Termino
08-08-2019 13:27:49	Termino
08-08-2019 13:27:49	Termino
08-08-2019 13:27:49	Termino
08-08-2019 13:27:50	Termino
